1620468191.806		51059	23148	35	27659	217	50705	18	0	71	0
1620468192.782		47484	26209	89	20841	345	46825	18	0	71	0
1620468193.714		50697	24465	91	25800	341	50039	18	0	71	0
1620468194.609		58789	29641	86	28680	382	58069	18	0	71	0
1620468195.470		59049	28181	84	30422	362	58392	18	0	71	0
1620468196.300		55111	28142	99	26478	392	54375	18	0	71	0
1620468197.104		93904	74706	83	18760	355	93255	18	0	71	0
1620468197.882		42925	18862	89	23614	360	42308	18	0	71	0
1620468198.637		49927	24858	78	24618	373	49225	18	0	71	0
1620468199.374		42134	23317	80	18374	363	41499	18	0	71	0
1620468200.090		40372	16815	100	23033	424	39625	18	0	71	0
1620468200.788		49409	29918	95	19023	373	48746	18	0	71	0
1620468201.470		59859	36722	84	22653	400	59162	18	0	71	0
1620468202.137		49799	19415	107	29812	465	48978	18	0	71	0
1620468202.788		46720	29657	39	16869	155	46442	18	0	71	0
1620468203.428		51435	30157	31	21063	184	51122	18	0	71	0
1620468204.055		41347	16123	42	24802	380	40825	18	0	71	0
1620468204.669		50976	29569	86	20943	378	50306	18	0	71	0
1620468205.272		47201	26001	87	20741	372	46497	18	0	71	0
1620468205.864		51931	24683	106	26755	387	51230	18	0	71	0
1620468206.447		61618	29447	98	31548	525	60781	18	0	71	0
1620468207.019		50999	29544	81	20923	451	50272	18	0	71	0
1620468207.583		52070	25242	100	26365	363	51395	18	0	71	0
1620468208.137		100021	68346	94	31216	365	99362	18	0	71	0
1620468208.684		58432	24226	77	33723	406	57754	18	0	71	0
1620468209.222		36245	19553	89	16150	453	35505	18	0	71	0
1620468209.753		50329	25614	90	24207	418	49617	18	0	71	0
1620468210.276		32692	15796	92	16377	427	31981	18	0	71	0
1620468210.793		49828	19627	86	29687	428	49108	18	0	71	0
1620468211.302		44859	19574	109	24789	387	44125	18	0	71	0
1620468211.806		161660	23131	83	137985	461	160909	18	0	71	0
1620468212.302		39959	19869	92	19558	440	39221	18	0	71	0
1620468212.793		39651	18687	86	20498	380	38996	18	0	71	0
1620468213.278		39900	18584	81	20670	565	39047	18	0	71	0
1620468213.758		78229	43332	27	34733	137	77972	18	0	71	0
1620468214.232		46291	26524	29	19602	136	46044	18	0	71	0
1620468214.701		54421	27350	86	26585	400	53738	18	0	71	0
1620468215.164		39659	22487	81	16649	442	38958	18	0	71	0
1620468215.623		43804	24887	79	18421	417	43106	18	0	71	0
1620468216.077		61294	32498	86	28195	515	60449	18	0	71	0
1620468216.527		39964	19847	88	19648	381	39293	18	0	71	0
1620468216.972		76285	55582	70	20340	293	75728	18	0	71	0
1620468217.413		44626	25788	79	18379	380	43939	18	0	71	0
1620468217.849		80479	17657	87	62343	392	79799	18	0	71	0
1620468218.281		42094	21073	77	20515	429	41414	18	0	71	0
1620468218.709		39006	17505	79	20381	1041	37682	18	0	71	0
1620468219.134		37976	18282	79	19246	369	37354	18	0	71	0
1620468219.555		42648	23604	52	18746	246	42224	18	0	71	0
1620468219.972		64743	26416	90	37890	347	64098	18	0	71	0
1620468220.384		49647	24642	81	24454	470	48895	18	0	71	0
1620468220.795		92904	59689	79	32658	478	92132	18	0	71	0
1620468221.201		41021	20293	84	20151	493	40251	18	0	71	0
1620468221.605		52762	32798	74	19490	400	52118	18	0	71	0
1620468222.005		42736	23950	99	18372	315	42096	18	0	71	0
1620468222.402		47527	26549	96	20487	395	46838	18	0	71	0
1620468222.796		51336	22485	83	28305	463	50587	18	0	71	0
1620468223.186		49626	22853	98	26316	359	48977	18	0	71	0
1620468223.574		39201	17998	33	20944	226	38839	18	0	71	0
1620468223.959		99854	29055	45	70579	175	99532	18	0	71	0
1620468224.341		46691	27264	87	18858	482	45913	18	0	71	0
1620468224.721		41339	20625	30	20551	133	41091	18	0	71	0
1620468225.096		36243	15462	30	20616	135	35979	18	0	71	0
1620468225.471		41347	20238	109	20624	376	40666	18	0	71	0
1620468225.843		47119	25759	101	20760	499	46309	18	0	71	0
1620468226.211		46155	27639	79	18057	380	45476	18	0	71	0
1620468226.578		68972	52669	80	15854	369	68311	18	0	71	0
1620468226.942		72939	19501	38	53005	395	72395	18	0	71	0
1620468227.303		45149	25664	104	18974	407	44430	18	0	71	0
1620468227.662		58172	26876	79	30836	381	57519	18	0	71	0
1620468228.019		38457	19012	86	18988	371	37821	18	0	71	0
1620468228.374		39854	18589	79	20557	629	38956	18	0	71	0
1620468228.726		38686	16142	85	22081	378	38029	18	0	71	0
1620468229.077		233851	22364	77	210928	482	233089	18	0	71	0
1620468229.425		45092	17546	46	27306	194	44748	18	0	71	0
1620468229.771		62360	43605	108	18236	411	61636	18	0	71	0
1620468230.114		43562	23973	73	19053	463	42826	18	0	71	0
1620468230.457		55599	39109	64	16051	375	55048	18	0	71	0
1620468230.797		31048	14836	65	15794	353	30413	18	0	71	0
1620468231.135		38124	17686	74	19959	405	37449	18	0	71	0
1620468231.471		46106	27150	39	18458	459	45509	18	0	71	0
1620468231.806		55518	20458	95	34584	381	54831	18	0	71	0
1620468232.138		39042	19213	82	19378	369	38398	18	0	71	0
1620468232.469		38318	18048	31	20031	208	37991	18	0	71	0
1620468232.797		64789	19464	108	44726	491	63965	18	0	71	0
1620468233.123		39369	18514	89	20383	383	38722	18	0	71	0
1620468233.450		37499	16926	29	20375	169	37216	18	0	71	0
1620468233.773		57477	24280	102	32720	375	56808	18	0	71	0
1620468234.095		45810	17043	88	28271	408	45110	18	0	71	0
1620468234.415		54794	32126	35	22488	145	54483	18	0	71	0
1620468234.734		39233	18158	80	20552	443	38542	18	0	71	0
1620468235.051		38086	16396	71	21206	413	37405	18	0	71	0
1620468235.366		46872	22901	77	23448	446	46150	18	0	71	0
1620468235.680		53192	24815	25	28197	155	52947	18	0	71	0
1620468235.993		34611	18511	29	15932	139	34360	18	0	71	0
1620468236.304		54853	24046	39	30367	401	54302	18	0	71	0
1620468236.613		90431	33538	94	56425	374	89759	18	0	71	0
1620468236.921		57799	27084	80	30229	406	57179	18	0	71	0
1620468237.227		42314	21604	82	20274	354	41682	18	0	71	0
1620468237.532		40705	21042	81	19189	393	40026	18	0	71	0
1620468237.836		36383	15498	54	20629	202	35960	18	0	71	0
1620468238.137		40742	20836	82	19429	395	40073	18	0	71	0
1620468238.439		46305	23839	89	21989	388	45689	18	0	71	0
1620468238.738		58243	40144	89	17521	489	57445	18	0	71	0
1620468239.036		43660	22929	80	20283	368	43016	18	0	71	0
1620468239.333		212871	187660	82	24731	398	212187	18	0	71	0
1620468239.628		39777	18641	108	20556	472	38995	18	0	71	0
1620468239.923		68508	41791	81	26243	393	67842	18	0	71	0
1620468240.216		54354	24722	134	29008	490	53523	18	0	71	0
1620468240.507		40382	19623	79	20315	365	39744	18	0	71	0
1620468240.798		55954	31772	102	23533	547	55109	18	0	71	0
1620468241.087		56171	31028	86	24581	476	55411	18	0	71	0
1620468241.376		39973	16687	41	23047	198	39634	18	0	71	0
1620468241.662		35065	19249	78	15388	350	34433	18	0	71	0
1620468241.948		44822	24759	94	19562	407	44124	18	0	71	0
1620468242.233		39679	18794	90	20419	376	39010	18	0	71	0
1620468242.516		104688	32057	79	72179	373	104034	18	0	71	0
1620468242.798		40604	19624	102	20517	361	39922	18	0	71	0
1620468243.080		37843	17331	36	20284	192	37510	18	0	71	0
1620468243.360		72753	54309	44	18218	182	72396	18	0	71	0
1620468243.639		39498	18581	78	20437	402	38809	18	0	71	0
1620468243.917		36139	19247	49	16602	241	35730	18	0	71	0
1620468244.193		44090	25208	88	18422	372	43445	18	0	71	0
1620468244.469		92530	65496	80	26542	412	91866	18	0	71	0
1620468244.744		39110	19295	100	19340	375	38383	18	0	71	0
1620468245.018		55490	30581	85	24400	424	54767	18	0	71	0
1620468245.290		54909	28111	87	26326	385	54239	18	0	71	0
1620468245.562		56249	20511	82	35283	373	55600	18	0	71	0
1620468245.833		50801	26108	56	24469	168	50393	18	0	71	0
1620468246.102		40614	19834	86	20199	495	39828	18	0	71	0
1620468246.371		79417	15963	84	63237	133	79005	18	0	71	0
1620468246.639		38846	18919	31	19756	140	38592	18	0	71	0
1620468246.904		38176	17429	40	20558	149	37899	18	0	71	0
1620468247.171		40663	16256	29	24229	149	40396	18	0	71	0
1620468247.436		36606	15687	79	20455	385	35967	18	0	71	0
1620468247.700		58215	38722	89	19076	328	57604	18	0	71	0
1620468247.963		45161	19323	85	25373	380	44510	18	0	71	0
1620468248.225		32363	16577	77	15349	360	31731	18	0	71	0
1620468248.487		40187	19817	77	20085	208	39725	18	0	71	0
1620468248.747		46704	20783	89	25598	234	46182	18	0	71	0
1620468249.007		68297	34850	88	32972	387	67609	18	0	71	0
1620468249.265		37260	16764	59	20277	160	36815	18	0	71	0
1620468249.523		46882	18724	90	27702	366	46197	18	0	71	0
1620468249.779		38760	17544	28	20800	388	38228	18	0	71	0
1620468250.036		41597	20908	76	20225	388	40955	18	0	71	0
1620468250.291		39859	16305	28	23177	349	39371	18	0	71	0
1620468250.546		36609	15612	86	20516	395	35934	18	0	71	0
1620468250.799		113791	17653	29	95687	422	113251	18	0	71	0
1620468251.052		48463	19745	94	28147	477	47704	18	0	71	0
1620468251.304		39288	18281	32	20817	158	38995	18	0	71	0
1620468251.555		42733	24771	98	17422	442	41980	18	0	71	0
1620468251.806		40774	15981	43	24587	163	40390	18	0	71	0
1620468252.054		44232	18344	87	25434	367	43592	18	0	71	0
1620468252.304		44175	23662	32	20322	159	43880	18	0	71	0
1620468252.552		43498	19727	106	23301	364	42829	18	0	71	0
1620468252.799		78719	55530	109	22665	415	77984	18	0	71	0
1620468253.045		37555	16555	35	20774	191	37234	18	0	71	0
1620468253.292		41684	20604	80	20557	443	40972	18	0	71	0
1620468253.537		65300	31909	82	32915	394	64623	18	0	71	0
1620468253.781		48744	27726	28	20853	137	48451	18	0	71	0
1620468254.025		32413	16610	119	15332	352	31754	18	0	71	0
1620468254.268		65158	39097	28	25897	136	64809	18	0	71	0
1620468254.509		37902	17411	84	19952	455	37171	18	0	71	0
1620468254.751		42715	23489	90	18877	259	42157	18	0	71	0
1620468254.992		40976	19887	80	20595	414	40280	18	0	71	0
1620468255.231		36526	15536	93	20543	354	35877	18	0	71	0
1620468255.472		35560	19673	74	15376	437	34838	18	0	71	0
1620468255.710		39103	17614	87	21026	376	38405	18	0	71	0
1620468255.948		40208	19584	77	20191	356	39557	18	0	71	0
1620468256.186		36640	16078	118	20062	382	35914	18	0	71	0
1620468256.422		40649	19727	81	20384	457	39904	18	0	71	0
1620468256.658		59991	41945	103	17441	502	59173	18	0	71	0
1620468256.894		38442	18017	36	20218	171	38142	18	0	71	0
1620468257.127		40621	19728	80	20297	516	39818	18	0	71	0
1620468257.361		36610	15405	74	20883	248	36094	18	0	71	0
1620468257.596		37310	16453	45	20576	236	36889	18	0	71	0
1620468257.829		37869	18249	28	19370	222	37524	18	0	71	0
1620468258.061		41660	16737	30	24744	149	41397	18	0	71	0
1620468258.292		40821	20060	78	20297	386	40190	18	0	71	0
1620468258.523		201432	19401	75	181583	373	200801	18	0	71	0
1620468258.754		43443	18208	48	25046	141	43096	18	0	71	0
1620468258.983		40596	19868	76	19704	948	39380	18	0	71	0
1620468259.213		59661	41451	110	17787	313	59041	18	0	71	0
1620468259.441		32537	15941	92	16122	382	31836	18	0	71	0
1620468259.668		39571	19673	91	19335	472	38777	18	0	71	0
1620468259.895		42150	17775	78	23923	374	41507	18	0	71	0
1620468260.123		59496	19083	90	39898	425	58768	18	0	71	0
1620468260.349		49824	21029	42	28390	363	49327	18	0	71	0
1620468260.575		42659	24881	79	17249	450	41931	18	0	71	0
1620468260.800		38421	17295	28	20938	160	38150	18	0	71	0
1620468261.024		32479	17517	90	14500	372	31811	18	0	71	0
1620468261.247		39355	20937	80	18116	222	38859	18	0	71	0
1620468261.472		48706	19714	78	28545	369	48069	18	0	71	0
1620468261.694		32981	17132	90	15353	406	32262	18	0	71	0
1620468261.917		41469	20684	81	20349	355	40838	18	0	71	0
1620468262.138		39763	19213	87	20092	371	39097	18	0	71	0
1620468262.359		33294	17938	40	15112	204	32937	18	0	71	0
1620468262.580		39632	16965	102	22155	410	38927	18	0	71	0
1620468262.800		37589	16804	38	20601	146	37226	18	0	71	0
1620468263.020		85698	18094	55	67400	149	85319	18	0	71	0
1620468263.239		38575	18710	99	19273	493	37758	18	0	71	0
1620468263.456		46892	28051	86	18376	379	46222	18	0	71	0
1620468263.674		75084	52216	107	22366	395	74358	18	0	71	0
1620468263.891		44775	20828	102	23342	503	43952	18	0	71	0
1620468264.109		39588	18310	34	21017	227	39240	18	0	71	0
1620468264.326		68020	41976	98	25505	441	67362	18	0	71	0
1620468264.542		55702	26691	106	28535	370	55002	18	0	71	0
1620468264.757		42556	21484	103	20776	193	42075	18	0	71	0
1620468264.972		71568	46944	82	24138	404	70879	18	0	71	0
1620468265.186		43905	22924	85	20493	403	43221	18	0	71	0
1620468265.400		56966	28343	76	28159	388	56298	18	0	71	0
1620468265.614		76093	51560	92	24023	418	75386	18	0	71	0
1620468265.827		44020	20142	33	23665	180	43718	18	0	71	0
1620468266.039		43197	18713	129	23985	370	42481	18	0	71	0
1620468266.251		56531	33961	87	22187	296	55923	18	0	71	0
1620468266.463		34477	18695	79	15237	466	33722	18	0	71	0
1620468266.674		51727	24136	86	27118	387	51051	18	0	71	0
1620468266.884		98412	75883	86	22039	404	97782	18	0	71	0
1620468267.095		37697	17239	90	19939	429	36979	18	0	71	0
1620468267.304		40554	18144	38	22237	135	40278	18	0	71	0
1620468267.513		75409	57337	80	17591	401	74727	18	0	71	0
1620468267.722		41782	20813	103	20454	412	41068	18	0	71	0
1620468267.930		38296	17584	75	20273	364	37657	18	0	71	0
1620468268.138		45009	19648	83	24930	348	44398	18	0	71	0
1620468268.346		42808	17737	113	24480	478	42010	18	0	71	0
1620468268.553		63916	33987	33	29734	162	63632	18	0	71	0
1620468268.758		201558	18345	50	182898	265	201097	18	0	71	0
1620468268.965		58635	27435	24	31019	157	58392	18	0	71	0
1620468269.171		44455	16472	29	27791	163	44176	18	0	71	0
1620468269.376		36439	16122	52	19901	364	35906	18	0	71	0
1620468269.581		44035	16255	76	27175	529	43228	18	0	71	0
1620468269.785		38133	17537	121	20117	358	37466	18	0	71	0
1620468269.989		44014	17394	104	26153	363	43412	18	0	71	0
1620468270.191		31495	15444	107	15536	408	30765	18	0	71	0
1620468270.395		44478	16891	30	27332	225	44130	18	0	71	0
1620468270.598		39805	19220	81	20009	495	39035	18	0	71	0
1620468270.799		38652	17419	80	20792	361	38036	18	0	71	0
1620468271.002		69117	19898	83	48749	387	68451	18	0	71	0
1620468271.204		38904	17611	93	20670	530	38081	18	0	71	0
1620468271.405		36518	16436	32	19830	220	36177	18	0	71	0
1620468271.605		33210	16673	92	16020	425	32505	18	0	71	0
1620468271.806		37640	16565	109	20529	437	36856	18	0	71	0
1620468272.005		82320	53183	82	28686	369	81669	18	0	71	0
1620468272.205		38885	17297	106	20557	925	37640	18	0	71	0
1620468272.404		39578	18321	31	21071	155	39306	18	0	71	0
1620468272.602		93538	20988	90	71944	516	92685	18	0	71	0
1620468272.800		32520	16081	76	15917	446	31797	18	0	71	0
1620468272.997		46053	20031	32	25657	333	45598	18	0	71	0
1620468273.196		37214	15699	79	21021	415	36522	18	0	71	0
1620468273.393		51629	18979	36	32330	284	51201	18	0	71	0
1620468273.589		39065	18659	88	19967	351	38461	18	0	71	0
1620468273.786		44436	16439	79	27522	396	43742	18	0	71	0
1620468273.982		73606	24107	31	49248	220	73259	18	0	71	0
1620468274.177		40495	20549	79	19455	412	39774	18	0	71	0
1620468274.373		39664	18722	34	20737	171	39280	18	0	71	0
1620468274.567		70575	54399	87	15651	438	69837	18	0	71	0
1620468274.762		43963	19863	118	23465	517	43131	18	0	71	0
1620468274.956		37106	15912	56	20900	238	36675	18	0	71	0
1620468275.150		191146	29089	77	161546	434	190448	18	0	71	0
1620468275.342		39933	20056	75	19569	233	39448	18	0	71	0
1620468275.536		31821	15865	96	15485	375	31118	18	0	71	0
1620468275.729		35409	18110	88	16876	335	34786	18	0	71	0
1620468275.921		32167	15140	29	16813	185	31864	18	0	71	0
1620468276.113		91786	69265	89	21969	463	91028	18	0	71	0
1620468276.304		84291	45263	119	38532	377	83573	18	0	71	0
1620468276.496		127329	73152	82	53706	389	126727	18	0	71	0
1620468276.686		51900	23184	87	28154	475	51174	18	0	71	0
1620468276.877		59948	31577	29	28202	140	59603	18	0	71	0
1620468277.067		39970	14520	95	25000	355	39316	18	0	71	0
1620468277.256		46059	30209	105	15329	416	45350	18	0	71	0
1620468277.446		40894	16048	39	24617	190	40549	18	0	71	0
1620468277.636		42160	21251	42	20651	216	41795	18	0	71	0
1620468277.824		38482	17905	34	20394	149	38198	18	0	71	0
1620468278.013		43061	19709	77	22878	397	42390	18	0	71	0
1620468278.200		44836	16961	54	27529	292	44350	18	0	71	0
1620468278.389		91091	60702	36	30102	251	90720	18	0	71	0
1620468278.576		41864	16897	77	24504	386	41207	18	0	71	0
1620468278.762		41048	19560	109	20873	506	40237	18	0	71	0
1620468278.950		38465	17654	91	20316	404	37853	18	0	71	0
1620468279.137		41008	20217	89	20300	402	40323	18	0	71	0
1620468279.323		40089	19672	74	20183	160	39647	18	0	71	0
1620468279.509		39625	18474	33	20977	141	39365	18	0	71	0
1620468279.694		54240	37940	50	16067	183	53869	18	0	71	0
1620468279.880		38015	16488	43	21318	166	37673	18	0	71	0
1620468280.064		38849	19108	26	19584	131	38609	18	0	71	0
1620468280.249		45478	18466	38	26615	359	44965	18	0	71	0
1620468280.433		46703	19603	78	26604	418	46048	18	0	71	0
1620468280.617		31037	14718	97	15801	421	30287	18	0	71	0
1620468280.801		37369	16640	43	20473	213	36902	18	0	71	0
1620468280.984		49248	26184	106	22571	387	48553	18	0	71	0
1620468281.167		45159	19938	108	24629	484	44361	18	0	71	0
1620468281.350		45725	17721	87	27471	446	45049	18	0	71	0
1620468281.532		40674	20079	80	20154	361	40035	18	0	71	0
1620468281.715		39482	17843	109	21051	479	38659	18	0	71	0
1620468281.896		46550	21239	90	24788	433	45894	18	0	71	0
1620468282.077		40814	19475	101	20821	417	40074	18	0	71	0
1620468282.259		88946	69595	32	19082	237	88579	18	0	71	0
1620468282.439		39607	17461	82	21644	420	38885	18	0	71	0
1620468282.620		38756	16750	108	21437	461	37975	18	0	71	0
1620468282.801		193725	16308	93	176829	495	193027	18	0	71	0
1620468282.981		37804	16899	90	20243	572	36947	18	0	71	0
1620468283.161		36451	15234	35	21030	152	36170	18	0	71	0
1620468283.340		38319	17265	79	20554	421	37614	18	0	71	0
1620468283.519		63451	45709	82	17289	371	62792	18	0	71	0
1620468283.697		71437	25917	97	45261	162	70989	18	0	71	0
1620468283.876		42045	20746	57	20805	437	41347	18	0	71	0
1620468284.054		44600	24285	35	20128	152	44317	18	0	71	0
1620468284.233		46938	25961	58	20762	157	46540	18	0	71	0
1620468284.411		66338	35674	80	30207	377	65695	18	0	71	0
1620468284.588		53489	31090	83	21846	470	52712	18	0	71	0
1620468284.766		102708	23353	34	79142	179	102342	18	0	71	0
1620468284.942		46471	26225	80	19777	389	45781	18	0	71	0
1620468285.119		39311	18701	81	20138	391	38644	18	0	71	0
1620468285.472		48664	27387	81	20841	355	48031	18	0	71	0
1620468285.647		43737	22779	79	20365	514	42944	18	0	71	0
1620468285.823		46873	25661	84	20748	380	46187	18	0	71	0
1620468285.998		50719	31027	59	19184	449	49994	18	0	71	0
1620468286.173		52186	25509	81	26223	373	51533	18	0	71	0
1620468286.348		57758	30714	82	26600	362	57194	18	0	71	0
1620468286.523		40157	18973	133	20683	368	39451	18	0	71	0
1620468286.697		200848	183131	36	17476	205	200427	18	0	71	0
1620468286.871		42370	16287	34	25724	325	41909	18	0	71	0
1620468287.043		44151	25865	76	17787	423	43474	18	0	71	0
1620468287.218		39898	19077	88	20504	229	39389	18	0	71	0
1620468287.391		48013	26762	95	20705	451	47263	18	0	71	0
1620468287.563		47548	18524	85	28578	361	46909	18	0	71	0
1620468287.737		40264	19589	55	20456	164	39860	18	0	71	0
1620468287.909		39581	18358	85	20769	369	38949	18	0	71	0
1620468288.081		56488	21436	131	34533	388	55772	18	0	71	0
1620468288.253		39661	18930	31	20556	144	39364	18	0	71	0
1620468285.296		3071574	3052043	39	19213	279	3071161	18	0	71	0
1620468288.424		33800	17593	126	15654	427	32997	18	0	71	0
1620468288.596		240079	15707	79	223894	399	239400	18	0	71	0
1620468288.767		91387	68115	87	22779	406	90763	18	0	71	0
1620468288.938		53166	26987	80	25739	360	52525	18	0	71	0
1620468289.109		53062	29965	97	22609	391	52371	18	0	71	0
1620468289.279		82007	59191	103	22336	377	81414	18	0	71	0
1620468289.449		41074	18739	80	21869	386	40415	18	0	71	0
1620468289.619		38795	17191	89	21088	427	38051	18	0	71	0
1620468289.789		43497	18203	30	25102	162	43214	18	0	71	0
1620468289.958		60257	39878	73	19349	957	59048	18	0	71	0
1620468290.127		45140	19543	91	25062	444	44413	18	0	71	0
1620468290.296		37211	16490	99	20237	385	36532	18	0	71	0
1620468290.465		32456	16590	47	15665	154	32049	18	0	71	0
1620468290.633		47798	19546	47	27950	255	47360	18	0	71	0
1620468290.801		41506	16459	34	24861	152	41235	18	0	71	0
1620468290.969		47079	18620	30	28282	147	46815	18	0	71	0
1620468291.137		35571	15043	26	20366	136	35316	18	0	71	0
1620468291.304		89240	66039	44	22818	339	88756	18	0	71	0
1620468291.471		40752	16117	75	24240	320	40180	18	0	71	0
1620468291.639		34135	17700	87	15975	373	33474	18	0	71	0
1620468291.805		235190	16142	100	218555	393	234484	18	0	71	0
1620468291.972		90524	68216	90	21856	362	89877	18	0	71	0
1620468292.138		34509	18629	88	15435	357	33864	18	0	71	0
1620468292.303		34351	18328	88	15518	417	33609	18	0	71	0
1620468292.470		102025	79575	83	22001	366	101342	18	0	71	0
1620468292.635		37636	17922	80	19265	369	36993	18	0	71	0
1620468292.801		34292	16102	96	17733	361	33601	18	0	71	0
1620468292.967		46401	20277	38	25867	219	46039	18	0	71	0
1620468293.132		91332	66335	107	24513	377	90636	18	0	71	0
1620468293.295		38430	16901	74	20966	489	37670	18	0	71	0
1620468293.460		33673	16459	106	16699	409	32995	18	0	71	0
1620468293.625		38295	17458	90	20384	363	37659	18	0	71	0
1620468293.789		43102	23090	132	19513	367	42398	18	0	71	0
1620468293.953		40341	19618	86	20241	396	39738	18	0	71	0
1620468294.117		49516	21151	81	27861	423	48789	18	0	71	0
1620468294.280		43262	17572	90	25228	372	42604	18	0	71	0
1620468294.443		34656	19289	64	14946	357	34120	18	0	71	0
1620468294.606		47151	21205	82	25486	378	46504	18	0	71	0
1620468294.769		39279	18294	89	20461	435	38547	18	0	71	0
1620468294.931		36899	16872	44	19643	340	36418	18	0	71	0
1620468295.094		59468	35985	86	23001	396	58786	18	0	71	0
1620468295.256		38609	16092	87	22026	404	37919	18	0	71	0
1620468295.418		43994	18948	38	24727	281	43565	18	0	71	0
1620468295.579		34960	17954	84	16512	410	34265	18	0	71	0
1620468295.741		53042	32216	82	20271	473	52286	18	0	71	0
1620468295.901		44709	23509	35	20991	174	44423	18	0	71	0
1620468296.063		39640	19814	80	19381	365	39020	18	0	71	0
1620468296.224		62199	18215	102	43449	433	61448	18	0	71	0
1620468296.384		33238	16867	36	15984	351	32755	18	0	71	0
1620468296.545		87592	17622	86	69496	388	86911	18	0	71	0
1620468296.705		76161	16708	88	58978	387	75487	18	0	71	0
1620468296.864		39796	18063	90	21194	449	39055	18	0	71	0
1620468297.025		32359	16546	88	15299	426	31639	18	0	71	0
1620468297.185		37944	17952	73	19541	378	37286	18	0	71	0
1620468297.344		38552	18013	32	20352	155	38246	18	0	71	0
1620468297.504		38856	18640	87	19635	494	38075	18	0	71	0
1620468297.663		41609	19537	82	21584	406	40926	18	0	71	0
1620468297.820		38020	17276	98	20406	240	37484	18	0	71	0
1620468297.979		38624	17931	75	20129	489	37872	18	0	71	0
1620468298.137		45054	20295	84	24285	390	44350	18	0	71	0
1620468298.297		73223	43392	103	29550	178	72745	18	0	71	0
1620468298.455		46303	17854	48	28040	361	45788	18	0	71	0
1620468298.612		40926	20240	76	20225	385	40266	18	0	71	0
1620468298.770		38422	17896	82	19970	474	37640	18	0	71	0
1620468298.927		39939	23203	38	16381	317	39476	18	0	71	0
1620468299.085		38555	17608	78	20498	371	37906	18	0	71	0
1620468299.242		41124	20093	83	20543	405	40429	18	0	71	0
1620468299.399		40093	18751	36	21121	185	39763	18	0	71	0
1620468299.555		97527	56140	87	40927	373	96867	18	0	71	0
1620468299.712		42356	20675	100	21144	437	41612	18	0	71	0
1620468299.868		39748	19326	31	20245	146	39485	18	0	71	0
1620468300.024		49406	23071	82	25873	380	48677	18	0	71	0
1620468300.180		60714	42033	81	18190	410	59996	18	0	71	0
1620468300.336		36924	16230	97	20356	241	36338	18	0	71	0
1620468300.491		37186	17201	82	19479	424	36474	18	0	71	0
1620468300.646		46422	16827	87	29138	370	45772	18	0	71	0
1620468300.957		41441	20653	38	20584	166	41043	18	0	71	0
1620468301.111		32380	15947	79	15902	452	31656	18	0	71	0
1620468301.266		31732	15702	112	15437	481	30919	18	0	71	0
1620468301.420		257965	219809	31	37975	150	257603	18	0	71	0
1620468301.575		103633	65535	15	37912	171	103336	18	0	71	0
1620468301.729		75440	18660	31	56609	140	75193	18	0	71	0
1620468301.882		40581	19562	28	20854	137	40335	18	0	71	0
1620468302.036		112280	20756	28	91344	152	112014	18	0	71	0
1620468302.190		108793	17207	29	91412	145	108538	18	0	71	0
1620468302.343		104144	19611	30	84120	383	103637	18	0	71	0
1620468302.496		55833	26363	92	28993	385	55151	18	0	71	0
1620468302.649		64786	42177	92	22146	371	64123	18	0	71	0
1620468302.801		83427	21895	110	60906	516	82579	18	0	71	0
1620468302.953		51634	24472	32	26934	196	51312	18	0	71	0
1620468303.107		43649	21048	83	22042	476	42893	18	0	71	0
1620468303.258		65721	43379	85	21894	363	65072	18	0	71	0
1620468303.410		91412	37492	30	53714	176	91030	18	0	71	0
1620468303.563		57211	19194	77	37563	377	56563	18	0	71	0
1620468303.715		43597	22523	85	20632	357	42944	18	0	71	0
1620468300.801		3107266	3064986	113	41891	276	3106686	18	0	71	0
1620468303.866		68540	32781	106	35465	188	68059	18	0	71	0
1620468304.016		81010	36161	83	44349	417	80382	18	0	71	0
1620468304.169		52129	18346	77	33300	406	51443	18	0	71	0
1620468304.320		44349	17370	77	26500	402	43654	18	0	71	0
1620468304.469		88293	63369	55	24488	381	87742	18	0	71	0
1620468304.621		119156	68470	81	50225	380	118463	18	0	71	0
1620468304.772		44150	21661	105	21925	459	43378	18	0	71	0
1620468304.922		56140	26008	35	29955	142	55840	18	0	71	0
1620468305.072		89187	66803	101	21916	367	88511	18	0	71	0
1620468305.221		108337	23370	80	84484	403	107639	18	0	71	0
1620468305.372		49106	25953	81	22810	262	48575	18	0	71	0
1620468305.522		42813	21007	78	21340	388	42154	18	0	71	0
1620468305.671		72746	51688	104	20569	385	72056	18	0	71	0
1620468305.820		81677	28918	98	52507	154	81207	18	0	71	0
1620468305.970		50426	16696	34	33283	413	49875	18	0	71	0
1620468306.119		79887	40389	80	39060	358	79251	18	0	71	0
1620468306.266		124652	63008	83	61157	404	123960	18	0	71	0
1620468306.416		76618	33379	31	43041	167	76296	18	0	71	0
1620468306.564		86931	53692	87	32760	392	86230	18	0	71	0
1620468306.713		62412	36985	80	24983	364	61779	18	0	71	0
1620468306.861		95120	42352	84	52196	488	94305	18	0	71	0
1620468307.009		41536	18748	42	22594	152	41141	18	0	71	0
1620468307.157		228771	20617	80	207707	367	228129	18	0	71	0
1620468307.305		107561	57738	103	49511	209	107056	18	0	71	0
1620468307.452		46358	15586	32	30526	214	46030	18	0	71	0
1620468307.599		63782	38545	95	24720	422	63066	18	0	71	0
1620468307.747		79739	23724	97	55472	446	78988	18	0	71	0
1620468307.894		154051	98415	44	55334	258	153573	18	0	71	0
1620468308.041		59357	33050	111	25682	514	58573	18	0	71	0
1620468308.187		103864	29539	79	73766	480	103110	18	0	71	0
1620468308.334		40191	19698	109	19969	415	39488	18	0	71	0
1620468308.480		85626	62810	82	22362	372	85070	18	0	71	0
1620468308.627		83514	59145	102	23851	416	82791	18	0	71	0
1620468308.773		48972	19605	77	28950	340	48382	18	0	71	0
1620468308.919		46055	18403	37	27466	149	45686	18	0	71	0
1620468309.064		120096	98818	98	20819	361	119441	18	0	71	0
1620468309.210		130884	18004	111	112377	392	130181	18	0	71	0
1620468309.355		62930	32953	84	29558	335	62319	18	0	71	0
1620468309.501		71005	31751	93	38799	362	70316	18	0	71	0
1620468309.646		84613	27432	111	56017	1053	83219	18	0	71	0
1620468309.791		66151	35793	86	29791	481	65382	18	0	71	0
1620468309.936		74944	43902	31	30790	221	74561	18	0	71	0
1620468310.081		74408	21288	91	52632	397	73720	18	0	71	0
1620468310.225		39581	17547	89	21497	448	38841	18	0	71	0
1620468310.370		104673	74982	31	29529	131	104333	18	0	71	0
1620468310.514		76817	18845	49	57450	473	76186	18	0	71	0
1620468310.658		42708	19802	88	22441	377	42021	18	0	71	0
1620468310.802		63102	36360	129	26216	397	62367	18	0	71	0
1620468310.945		74746	17244	38	57296	168	74447	18	0	71	0
1620468311.089		61312	23387	90	37464	371	60639	18	0	71	0
1620468311.233		76137	46527	92	29128	390	75454	18	0	71	0
1620468311.376		114765	55010	44	59528	183	114357	18	0	71	0
1620468311.519		66642	31753	81	34403	405	66044	18	0	71	0
1620468311.663		97676	67107	89	30114	366	97013	18	0	71	0
1620468311.806		93487	48712	90	44301	384	92826	18	0	71	0
1620468311.948		57133	34739	55	22157	182	56783	18	0	71	0
1620468312.091		53705	29842	96	23398	369	53058	18	0	71	0
1620468312.233		52111	22463	81	29170	397	51429	18	0	71	0
1620468312.376		54175	22735	34	31245	161	53887	18	0	71	0
1620468312.518		63754	41044	32	22543	135	63496	18	0	71	0
1620468312.660		49459	28941	31	20335	152	49196	18	0	71	0
1620468312.802		45242	26556	26	18527	133	45014	18	0	71	0
1620468312.944		138856	100598	31	38089	138	138602	18	0	71	0
1620468313.085		43703	16886	33	26628	156	43444	18	0	71	0
1620468313.227		45215	22890	32	22058	235	44857	18	0	71	0
1620468313.368		48353	19511	73	28284	485	47589	18	0	71	0
1620468313.509		33822	17879	88	15419	436	33091	18	0	71	0
1620468313.650		38388	17387	79	20540	382	37729	18	0	71	0
1620468313.791		37192	16632	35	20387	138	36918	18	0	71	0
1620468313.932		35920	19608	90	15844	378	35246	18	0	71	0
1620468314.073		39877	19355	98	19984	440	39142	18	0	71	0
1620468314.212		81226	55573	54	25448	151	80830	18	0	71	0
1620468314.354		39309	18394	43	20627	245	38924	18	0	71	0
1620468314.494		39873	18963	75	20483	352	39221	18	0	71	0
1620468314.634		39752	18538	97	20753	364	39088	18	0	71	0
1620468314.774		38537	18107	32	20259	139	38245	18	0	71	0
1620468314.914		44913	24492	93	19811	517	44061	18	0	71	0
1620468315.054		40627	18983	82	21078	484	39860	18	0	71	0
1620468315.193		58513	19159	82	38823	449	57784	18	0	71	0
1620468315.333		39955	19989	36	19708	222	39608	18	0	71	0
1620468315.472		41324	20518	86	20344	376	40665	18	0	71	0
1620468315.611		37011	16070	78	20499	364	36385	18	0	71	0
1620468315.750		39246	17674	63	21304	205	38737	18	0	71	0
1620468315.889		39403	18688	114	20213	388	38695	18	0	71	0
1620468316.027		35547	19632	79	15458	378	34895	18	0	71	0
1620468316.166		76718	60937	83	15322	376	75991	18	0	71	0
1620468316.305		45831	17421	42	28219	149	45534	18	0	71	0
1620468316.443		40769	19939	89	20278	463	40012	18	0	71	0
1620468316.581		37305	16527	86	20279	413	36614	18	0	71	0
1620468316.719		38982	18524	35	20282	141	38699	18	0	71	0
1620468316.857		45661	21567	81	23627	386	45051	18	0	71	0
1620468316.994		39553	18653	97	20421	382	38881	18	0	71	0
1620468317.133		53146	18836	88	33840	382	52475	18	0	71	0
1620468317.270		45470	22557	32	22705	176	45121	18	0	71	0
1620468317.408		100066	19565	80	80021	400	99367	18	0	71	0
1620468317.544		38861	18400	95	20014	352	38236	18	0	71	0
1620468317.682		40917	19756	91	20577	493	40079	18	0	71	0
1620468317.819		41910	17608	31	24074	197	41604	18	0	71	0
1620468317.956		38115	16490	97	21098	430	37411	18	0	71	0
1620468318.093		49924	34096	86	15333	409	49225	18	0	71	0
1620468318.230		38992	17674	85	20841	392	38312	18	0	71	0
1620468318.366		38212	16770	49	21026	367	37695	18	0	71	0
1620468318.502		36788	15813	92	20358	525	35972	18	0	71	0
1620468318.638		40215	18853	106	20835	421	39482	18	0	71	0
1620468318.774		33289	17408	91	15320	470	32501	18	0	71	0
1620468318.911		42519	23924	29	18429	137	42260	18	0	71	0
1620468319.047		46256	27531	79	18276	370	45610	18	0	71	0
1620468319.183		40365	19598	79	20317	371	39718	18	0	71	0
1620468319.318		114707	23948	31	90342	386	114190	18	0	71	0
1620468319.454		54884	33360	78	21050	396	54238	18	0	71	0
1620468319.589		52125	30461	89	21115	460	51384	18	0	71	0
1620468319.724		47381	18113	88	28903	277	46795	18	0	71	0
1620468319.860		37998	17792	126	19682	398	37361	18	0	71	0
1620468319.995		75591	50023	89	25074	405	74889	18	0	71	0
1620468320.129		44443	18321	84	25575	463	43695	18	0	71	0
1620468320.263		44106	19008	30	24887	181	43778	18	0	71	0
1620468320.399		54450	30886	109	23071	384	53746	18	0	71	0
1620468320.533		45026	20002	110	24549	365	44343	18	0	71	0
1620468320.668		79897	56548	94	22837	418	79176	18	0	71	0
1620468320.801		36836	17684	31	18930	191	36524	18	0	71	0
1620468320.936		44540	16862	91	27188	399	43857	18	0	71	0
1620468321.070		49415	28335	82	20602	396	48706	18	0	71	0
1620468321.203		37122	18813	88	17809	412	36421	18	0	71	0
1620468321.338		74500	51710	77	22294	419	73892	18	0	71	0
1620468321.472		42366	20634	78	21221	433	41657	18	0	71	0
1620468321.605		38070	17388	108	20203	371	37402	18	0	71	0
1620468321.739		40871	17642	85	22831	313	40241	18	0	71	0
1620468321.872		42960	20561	81	21940	378	42352	18	0	71	0
1620468322.005		42465	16774	85	25233	373	41810	18	0	71	0
1620468322.138		37951	20253	140	17214	344	37260	18	0	71	0
1620468322.271		42231	22108	33	19944	146	41926	18	0	71	0
1620468322.403		40976	18633	121	21838	384	40272	18	0	71	0
1620468322.537		92227	19450	85	72209	483	91457	18	0	71	0
1620468322.670		37525	18004	82	19033	406	36847	18	0	71	0
1620468322.801		31201	15589	35	15430	147	30894	18	0	71	0
1620468322.935		37270	17226	97	19548	399	36551	18	0	71	0
1620468323.067		48709	20389	32	28085	203	48387	18	0	71	0
1620468323.331		37390	16313	34	20900	143	37130	18	0	71	0
1620468323.462		45590	20378	29	25052	131	45347	18	0	71	0
1620468323.595		42992	18180	30	24633	149	42730	18	0	71	0
1620468323.727		31025	15575	28	15271	151	30769	18	0	71	0
1620468323.858		54055	29467	37	24383	168	53759	18	0	71	0
1620468323.990		40787	17337	43	23232	175	40465	18	0	71	0
1620468324.121		37365	16515	40	20483	327	36893	18	0	71	0
1620468324.252		36635	16023	87	20035	490	35840	18	0	71	0
1620468324.383		35142	19339	104	15327	372	34466	18	0	71	0
1620468324.513		63043	28825	109	33622	487	62241	18	0	71	0
1620468324.645		42645	17448	36	24973	188	42331	18	0	71	0
1620468324.775		43107	17178	84	25491	354	42473	18	0	71	0
1620468324.907		35467	15281	81	19633	472	34692	18	0	71	0
1620468325.037		61330	14320	81	46728	201	60829	18	0	71	0
1620468325.168		54322	36893	60	16914	455	53697	18	0	71	0
1620468325.298		34800	19126	92	15216	366	34141	18	0	71	0
1620468325.428		34558	19106	90	14979	383	33882	18	0	71	0
1620468325.559		36833	18629	122	17695	387	36123	18	0	71	0
1620468325.689		33190	17373	41	15512	264	32784	18	0	71	0
1620468325.817		59741	44844	82	14425	390	59052	18	0	71	0
1620468325.947		35286	14477	72	20332	405	34611	18	0	71	0
1620468326.078		43779	14432	61	29132	154	43357	18	0	71	0
1620468326.208		34840	19176	88	15208	368	34231	18	0	71	0
1620468323.199		3058162	3039083	85	18648	346	3057617	18	0	71	0
1620468326.337		40394	22798	78	17159	359	39754	18	0	71	0
1620468326.466		31511	15679	107	15255	470	30729	18	0	71	0
1620468326.596		31636	16002	33	15452	149	31329	18	0	71	0
1620468326.725		32970	16764	81	15739	386	32302	18	0	71	0
1620468326.854		32454	18014	94	13992	354	31797	18	0	71	0
1620468326.983		34517	18889	113	15126	389	33787	18	0	71	0
1620468327.112		30148	14901	28	15063	156	29856	18	0	71	0
1620468327.240		32315	16690	82	15155	388	31632	18	0	71	0
1620468327.368		51181	29951	87	20737	406	50477	18	0	71	0
1620468327.497		42653	21595	110	20398	550	41792	18	0	71	0
1620468327.626		164217	22432	31	141315	439	163647	18	0	71	0
1620468327.754		57751	35185	96	22105	365	57095	18	0	71	0
1620468327.882		31623	15595	77	15568	383	30968	18	0	71	0
1620468328.010		38476	18247	85	19697	447	37728	18	0	71	0
1620468328.138		36793	18604	30	17955	204	36470	18	0	71	0
1620468328.266		38621	16925	75	21252	369	38004	18	0	71	0
1620468328.394		42039	18043	109	23519	368	41331	18	0	71	0
1620468328.522		41378	15758	90	25116	414	40671	18	0	71	0
1620468328.649		39409	18666	33	20539	171	39109	18	0	71	0
1620468328.777		36839	16856	87	19477	419	36130	18	0	71	0
1620468328.904		39991	18466	78	20504	943	38754	18	0	71	0
1620468329.031		37906	17080	89	20335	402	37204	18	0	71	0
1620468329.159		39676	19611	105	19475	485	38888	18	0	71	0
1620468329.286		37933	15969	96	21502	366	37283	18	0	71	0
1620468329.413		39920	19096	88	20353	383	39245	18	0	71	0
1620468329.539		110747	18910	86	91607	144	110325	18	0	71	0
1620468329.665		48499	17521	78	30624	276	47995	18	0	71	0
1620468329.793		40581	20139	82	20004	356	39928	18	0	71	0
1620468329.919		38784	17979	95	20320	390	38084	18	0	71	0
1620468330.046		39992	16858	82	22674	378	39327	18	0	71	0
1620468330.172		36793	16067	36	20469	221	36445	18	0	71	0
1620468330.298		38826	19156	71	19157	442	38116	18	0	71	0
1620468330.425		38445	17744	88	20213	400	37750	18	0	71	0
1620468330.551		45609	16901	79	28246	383	44923	18	0	71	0
1620468330.677		40471	20650	31	19620	170	40179	18	0	71	0
1620468330.802		40965	20042	87	20484	352	40313	18	0	71	0
1620468330.928		40693	19719	77	20492	405	40011	18	0	71	0
1620468331.054		39230	18357	101	20525	247	38680	18	0	71	0
1620468331.179		46438	18674	42	27348	374	45921	18	0	71	0
1620468331.305		38736	17391	88	20783	474	37985	18	0	71	0
1620468331.430		38260	17839	107	19903	411	37518	18	0	71	0
1620468331.555		45846	17437	87	27920	402	45155	18	0	71	0
1620468331.679		39183	18434	90	20281	378	38494	18	0	71	0
1620468331.806		38016	16726	82	20835	373	37363	18	0	71	0
1620468331.929		38398	18284	76	19616	422	37699	18	0	71	0
1620468332.054		38909	18379	89	20192	249	38347	18	0	71	0
1620468332.180		48626	29922	83	18225	396	47952	18	0	71	0
1620468332.305		32411	16418	90	15443	460	31664	18	0	71	0
1620468332.429		33454	17637	78	15351	388	32794	18	0	71	0
1620468332.554		39187	18473	108	20145	461	38424	18	0	71	0
1620468332.678		40100	19187	49	20568	296	39657	18	0	71	0
1620468332.801		62002	43629	83	17924	366	61345	18	0	71	0
1620468332.927		41651	20920	82	20284	365	41002	18	0	71	0
1620468333.051		37728	18945	44	18530	209	37328	18	0	71	0
1620468333.175		38597	17626	70	20467	434	37971	18	0	71	0
1620468333.299		38592	18795	148	19253	396	37849	18	0	71	0
1620468333.422		99126	75989	90	22673	374	98432	18	0	71	0
1620468333.546		37474	17220	85	19771	398	36799	18	0	71	0
1620468333.670		38935	18307	37	20426	165	38646	18	0	71	0
1620468333.793		47002	20127	79	26384	412	46314	18	0	71	0
1620468333.917		35830	19684	81	15649	416	35150	18	0	71	0
1620468334.040		161370	17319	90	143830	131	160927	18	0	71	0
1620468334.162		60201	37425	51	22618	107	59951	18	0	71	0
1620468334.285		32202	16668	29	15376	129	31973	18	0	71	0
1620468334.408		39390	19501	28	19724	137	39147	18	0	71	0
1620468334.532		36837	16216	30	20456	135	36589	18	0	71	0
1620468334.655		37920	17284	28	20449	159	37648	18	0	71	0
1620468334.778		40206	20547	29	19510	120	39972	18	0	71	0
1620468334.901		37787	16625	33	20936	193	37479	18	0	71	0
1620468335.023		40595	19459	71	20677	388	40005	18	0	71	0
1620468335.146		37546	16961	86	20139	360	36902	18	0	71	0
1620468335.268		40255	19681	79	20133	362	39620	18	0	71	0
1620468335.390		38924	21177	78	17283	386	38263	18	0	71	0
1620468335.513		40322	19674	34	20433	181	40016	18	0	71	0
1620468335.634		39143	18515	80	20122	426	38427	18	0	71	0
1620468335.757		38277	19533	63	18408	273	37801	18	0	71	0
1620468335.879		39795	18481	81	20801	432	39076	18	0	71	0
1620468336.000		107615	56541	94	50555	425	106979	18	0	71	0
1620468336.122		41017	20039	89	20420	469	40231	18	0	71	0
1620468336.244		39955	18763	78	20754	360	39323	18	0	71	0
1620468336.486		38448	17558	33	20701	156	38165	18	0	71	0
1620468336.608		99976	18626	83	80843	424	99270	18	0	71	0
1620468336.730		46521	18124	80	27945	372	45870	18	0	71	0
1620468336.851		44920	16292	82	28186	360	44276	18	0	71	0
1620468336.972		35817	19554	40	16069	154	35473	18	0	71	0
1620468337.093		41183	20000	34	20980	169	40851	18	0	71	0
1620468337.214		39412	18701	97	20214	400	38696	18	0	71	0
1620468337.335		53065	34838	92	17771	364	52408	18	0	71	0
1620468337.456		37929	17069	79	20617	164	37510	18	0	71	0
1620468337.576		38501	16789	82	21087	543	37750	18	0	71	0
1620468337.697		46903	23050	78	23298	477	46176	18	0	71	0
1620468337.818		33296	17243	80	15605	368	32656	18	0	71	0
1620468337.938		110483	89670	33	20611	169	110114	18	0	71	0
1620468338.057		35352	17553	77	17338	384	34689	18	0	71	0
1620468338.179		39384	18200	77	20677	430	38669	18	0	71	0
1620468338.299		39498	18597	81	20405	415	38794	18	0	71	0
1620468338.418		34324	18529	93	15309	393	33635	18	0	71	0
1620468338.539		170131	145911	80	23047	1093	168826	18	0	71	0
1620468338.659		50854	26922	72	22916	944	49645	18	0	71	0
1620468338.779		38991	19199	100	19216	476	38293	18	0	71	0
1620468338.898		44525	18880	81	25134	430	43817	18	0	71	0
1620468339.017		41212	20335	38	20658	181	40899	18	0	71	0
1620468339.138		40935	20604	92	19878	361	40274	18	0	71	0
1620468339.256		51962	33791	84	17584	503	51179	18	0	71	0
1620468339.376		36573	16359	86	19628	500	35781	18	0	71	0
1620468336.365		3083053	3065277	83	17312	381	3082365	18	0	71	0
1620468339.496		45586	17147	28	28246	165	45304	18	0	71	0
1620468339.615		38119	17569	91	20030	429	37387	18	0	71	0
1620468339.734		39631	18757	79	20390	405	38919	18	0	71	0
1620468339.853		70267	53396	131	16275	465	69488	18	0	71	0
1620468339.972		30997	15153	37	15642	165	30635	18	0	71	0
1620468340.091		37961	16931	67	20537	426	37329	18	0	71	0
1620468340.210		38820	20158	89	18182	391	38156	18	0	71	0
1620468340.327		40640	20133	80	19993	434	39898	18	0	71	0
1620468340.447		97954	14798	29	82964	163	97661	18	0	71	0
1620468340.566		37628	16692	91	20466	379	36994	18	0	71	0
1620468340.684		39888	18401	69	21042	376	39255	18	0	71	0
1620468340.803		40066	19566	82	20053	365	39447	18	0	71	0
1620468340.921		37926	16746	97	20494	589	37035	18	0	71	0
1620468341.039		39742	18655	33	20902	152	39468	18	0	71	0
1620468341.157		43109	20374	36	22548	151	42828	18	0	71	0
1620468341.275		44846	21609	30	22980	227	44491	18	0	71	0
1620468341.393		40180	19308	89	20403	380	39519	18	0	71	0
1620468341.511		37218	16197	24	20850	147	36970	18	0	71	0
1620468341.629		42147	18685	79	23014	369	41564	18	0	71	0
1620468341.746		100995	81455	80	19064	396	100320	18	0	71	0
1620468341.863		39878	19045	89	20286	458	39129	18	0	71	0
1620468341.982		40827	20201	36	20402	188	40459	18	0	71	0
1620468342.099		35976	18015	80	17439	442	35299	18	0	71	0
1620468342.217		44137	16639	82	27049	367	43482	18	0	71	0
1620468342.334		46948	18323	112	28019	494	46130	18	0	71	0
1620468342.451		75537	50167	42	25153	175	75112	18	0	71	0
1620468342.568		75981	21012	34	54472	463	75374	18	0	71	0
1620468342.686		38692	16731	79	21533	349	38101	18	0	71	0
1620468342.803		45300	19353	85	25480	382	44641	18	0	71	0
1620468342.919		47779	18708	92	28438	541	46909	18	0	71	0
1620468343.036		112138	62413	41	49293	391	111583	18	0	71	0
1620468343.153		34736	18879	79	15424	354	34095	18	0	71	0
1620468343.269		39181	18481	82	20263	355	38542	18	0	71	0
1620468343.386		37139	16789	79	19812	459	36403	18	0	71	0
1620468343.503		53020	19475	33	33346	166	52720	18	0	71	0
1620468343.619		40543	19988	110	20069	376	39853	18	0	71	0
1620468343.736		57580	33407	86	23004	1083	56190	18	0	71	0
1620468343.852		36932	15890	85	20449	508	36139	18	0	71	0
1620468343.967		40296	20196	48	19855	197	39847	18	0	71	0
1620468344.084		39020	18355	35	20410	220	38646	18	0	71	0
1620468344.200		32638	16577	57	15561	443	32018	18	0	71	0
1620468344.316		71930	51774	89	19690	377	71261	18	0	71	0
1620468344.432		41549	20375	110	20690	374	40857	18	0	71	0
1620468344.548		40173	19278	36	20693	166	39889	18	0	71	0
1620468344.664		39131	18205	87	20435	404	38439	18	0	71	0
1620468344.779		39405	19562	75	19359	409	38729	18	0	71	0
1620468344.894		39063	18203	91	20394	375	38401	18	0	71	0
1620468345.011		37533	16652	27	20709	145	37273	18	0	71	0
1620468345.126		37534	17123	32	20240	139	37269	18	0	71	0
1620468345.241		44302	16514	49	27505	234	43885	18	0	71	0
1620468345.357		41059	20822	44	19952	241	40646	18	0	71	0
1620468345.472		36529	16435	26	19925	143	36278	18	0	71	0
1620468345.587		83889	60111	27	23616	135	83644	18	0	71	0
1620468345.702		41493	21687	32	19620	154	41243	18	0	71	0
1620468345.817		35857	20197	35	15471	154	35573	18	0	71	0
1620468345.932		31339	15402	81	15483	373	30699	18	0	71	0
1620468346.047		42849	21017	94	21358	380	42175	18	0	71	0
1620468346.161		37587	16830	79	20294	384	36926	18	0	71	0
1620468346.275		42734	21710	80	20563	381	42077	18	0	71	0
1620468346.391		36894	16061	34	20659	140	36628	18	0	71	0
1620468346.505		38220	17580	81	20182	377	37563	18	0	71	0
1620468346.620		38566	17789	104	20321	352	37910	18	0	71	0
1620468346.733		55134	19533	88	35067	446	54397	18	0	71	0
1620468346.848		82957	19540	78	62956	383	82285	18	0	71	0
1620468347.077		45667	20440	32	25023	172	45369	18	0	71	0
1620468347.191		37780	16650	115	20526	489	36975	18	0	71	0
1620468347.305		32510	16611	124	15404	371	31778	18	0	71	0
1620468347.419		46852	19346	114	26990	402	46236	18	0	71	0
1620468347.533		50777	32207	81	18075	414	50075	18	0	71	0
1620468347.646		31608	15950	77	15156	425	30915	18	0	71	0
1620468347.760		38417	17534	72	20424	387	37762	18	0	71	0
1620468347.873		39765	19413	34	20102	216	39364	18	0	71	0
1620468347.987		36218	19966	35	15790	427	35644	18	0	71	0
1620468348.101		37922	17486	79	19899	458	37195	18	0	71	0
1620468348.214		128704	35721	114	92419	450	127965	18	0	71	0
1620468348.327		41068	15305	105	25234	424	40325	18	0	71	0
1620468348.440		37868	17351	32	20291	194	37554	18	0	71	0
1620468348.554		34782	17847	80	16427	428	34060	18	0	71	0
1620468348.667		39262	15652	86	23111	413	38556	18	0	71	0
1620468348.780		89200	54302	89	34269	540	88338	18	0	71	0
1620468348.893		39989	19188	42	20563	196	39651	18	0	71	0
1620468349.006		37454	16003	106	20853	492	36691	18	0	71	0
1620468349.119		38593	18236	85	19854	418	37894	18	0	71	0
1620468349.231		37123	16668	79	20025	351	36492	18	0	71	0
1620468349.344		46295	18659	82	27314	240	45778	18	0	71	0
1620468349.457		55759	37693	46	17653	367	55234	18	0	71	0
1620468349.569		39338	19637	78	19263	360	38714	18	0	71	0
1620468349.682		41347	20119	76	20736	416	40664	18	0	71	0
1620468349.794		64957	47180	101	17202	474	64151	18	0	71	0
1620468349.906		31633	15611	32	15842	148	31372	18	0	71	0
1620468346.963		3070099	3049733	84	19968	314	3069515	18	0	71	0
1620468350.019		39650	18720	80	20421	429	38995	18	0	71	0
1620468350.131		51827	33774	92	17594	367	51164	18	0	71	0
1620468350.243		40521	19212	144	20784	381	39781	18	0	71	0
1620468350.355		38186	17246	118	20562	260	37584	18	0	71	0
1620468350.467		31537	15210	33	16080	214	31198	18	0	71	0
1620468350.579		46628	18100	85	28097	346	46006	18	0	71	0
1620468350.690		83045	16887	70	65599	489	82303	18	0	71	0
1620468350.803		47963	25100	72	22365	426	47299	18	0	71	0
1620468350.914		33997	17328	27	16454	188	33705	18	0	71	0
1620468351.025		37941	17677	82	19816	366	37282	18	0	71	0
1620468351.137		40122	20270	87	19297	468	39357	18	0	71	0
1620468351.248		40041	19257	104	20286	394	39341	18	0	71	0
1620468351.361		72580	52303	99	19777	401	71868	18	0	71	0
1620468351.472		38801	15260	35	23280	226	38412	18	0	71	0
1620468351.583		47797	19215	81	28093	408	47111	18	0	71	0
1620468351.694		33562	17841	78	15267	376	32919	18	0	71	0
1620468351.806		70328	16368	87	53608	265	69750	18	0	71	0
1620468351.916		36873	16211	41	20435	186	36531	18	0	71	0
1620468352.028		49132	23393	79	25217	443	48415	18	0	71	0
1620468352.139		33719	17644	87	15518	470	32957	18	0	71	0
1620468352.249		39333	19035	91	19684	523	38521	18	0	71	0
1620468352.360		38942	18273	78	20219	372	38286	18	0	71	0
1620468352.471		37423	16255	36	20934	198	37093	18	0	71	0
1620468352.582		41506	20630	90	20375	411	40783	18	0	71	0
1620468352.692		56087	38252	79	17305	451	55357	18	0	71	0
1620468352.803		41728	18825	123	22318	462	40935	18	0	71	0
1620468352.913		35361	19304	41	15824	192	35036	18	0	71	0
1620468353.024		44549	27054	51	16980	464	43946	18	0	71	0
1620468353.134		39945	19059	81	20272	533	39122	18	0	71	0
1620468353.244		147239	18648	105	127993	493	146440	18	0	71	0
1620468353.353		55113	36631	130	17890	462	54313	18	0	71	0
1620468353.464		38511	18649	96	19368	398	37817	18	0	71	0
1620468353.575		45499	17288	75	27948	188	45053	18	0	71	0
1620468353.685		38885	17917	76	20514	378	38280	18	0	71	0
1620468353.795		38355	18090	91	19789	385	37655	18	0	71	0
1620468353.904		38815	18880	37	19760	138	38557	18	0	71	0
1620468354.014		81684	18930	96	62157	501	80842	18	0	71	0
1620468354.124		40246	19131	108	20623	384	39579	18	0	71	0
1620468354.234		38693	18458	84	19677	474	37920	18	0	71	0
1620468354.342		40552	20674	80	19537	261	40007	18	0	71	0
1620468354.452		41393	21416	88	19481	408	40689	18	0	71	0
1620468354.562		56505	40060	121	15930	394	55737	18	0	71	0
1620468354.672		43529	15642	80	27444	363	42868	18	0	71	0
1620468354.781		37604	16760	99	20321	424	36877	18	0	71	0
1620468354.890		38337	18201	30	19960	146	38061	18	0	71	0
1620468354.999		39688	18673	78	20532	405	39040	18	0	71	0
1620468355.109		39767	19396	83	19855	433	39042	18	0	71	0
1620468355.218		50664	31859	105	18356	344	50019	18	0	71	0
1620468355.327		41544	20588	89	20364	503	40747	18	0	71	0
1620468355.436		37656	16416	90	20668	482	36955	18	0	71	0
1620468355.544		34780	18631	78	15700	371	34110	18	0	71	0
1620468355.653		34956	18811	98	15608	439	34220	18	0	71	0
1620468355.762		41503	20127	81	20933	362	40860	18	0	71	0
1620468355.871		43567	24345	47	19026	149	43189	18	0	71	0
1620468355.979		38805	19237	25	19406	137	38559	18	0	71	0
1620468356.088		50103	19617	30	30276	180	49772	18	0	71	0
1620468356.196		37490	17655	30	19671	134	37242	18	0	71	0
1620468356.305		33109	17380	30	15558	141	32867	18	0	71	0
1620468356.413		40229	19641	26	20423	139	39991	18	0	71	0
1620468356.521		37279	15981	31	21124	143	37023	18	0	71	0
1620468356.630		38396	18129	39	20056	172	38099	18	0	71	0
1620468356.738		39640	20077	41	19345	177	39302	18	0	71	0
1620468356.846		34414	16530	79	17477	328	33839	18	0	71	0
1620468356.954		40214	18668	100	20958	488	39379	18	0	71	0
1620468357.062		36363	16521	70	19587	185	35943	18	0	71	0
1620468357.170		39122	18191	84	20454	393	38460	18	0	71	0
1620468357.278		35055	19543	32	15330	150	34756	18	0	71	0
1620468357.386		32532	16545	72	15492	423	31844	18	0	71	0
1620468357.493		40604	20824	67	19337	376	39990	18	0	71	0
1620468357.601		33133	16734	85	15966	348	32501	18	0	71	0
1620468357.709		39529	18855	103	20189	382	38821	18	0	71	0
1620468357.816		37350	20162	84	16727	377	36709	18	0	71	0
1620468357.924		40511	19035	110	20958	408	39797	18	0	71	0
1620468358.030		37774	19847	33	17721	173	37487	18	0	71	0
1620468358.139		40050	19505	146	20012	387	39313	18	0	71	0
1620468358.246		36853	16174	49	20446	184	36417	18	0	71	0
1620468358.353		40076	19498	60	20144	374	39518	18	0	71	0
1620468358.460		37893	17874	85	19521	413	37204	18	0	71	0
1620468358.567		37078	15761	78	20893	346	36461	18	0	71	0
1620468358.674		39721	18671	80	20574	396	39026	18	0	71	0
1620468358.780		37246	17509	31	19550	156	36934	18	0	71	0
1620468358.888		40508	19453	87	20502	466	39792	18	0	71	0
1620468358.995		159982	17376	99	142162	345	159338	18	0	71	0
1620468359.102		76108	52513	107	23106	382	75462	18	0	71	0
1620468359.208		40005	19353	104	20142	406	39306	18	0	71	0
1620468359.315		46005	17664	34	28137	170	45715	18	0	71	0
1620468359.422		47249	20876	81	25839	453	46485	18	0	71	0
1620468359.529		39432	18363	103	20592	374	38757	18	0	71	0
1620468359.635		163096	17654	85	145204	153	162654	18	0	71	0
1620468359.742		80633	56088	36	24382	127	80298	18	0	71	0
1620468359.848		52672	31814	38	20372	448	52096	18	0	71	0
1620468359.954		64887	18323	100	45767	697	63876	18	0	71	0
1620468360.061		37617	18105	82	19058	372	36979	18	0	71	0
1620468360.167		53448	20625	82	32247	494	52676	18	0	71	0
1620468360.273		37471	19564	36	17687	184	37147	18	0	71	0
1620468360.379		59256	28241	76	30519	420	58624	18	0	71	0
1620468360.485		55256	24382	77	30400	397	54608	18	0	71	0
1620468360.591		43453	18610	78	24268	497	42688	18	0	71	0
1620468360.697		46151	20631	102	24932	486	45370	18	0	71	0
1620468360.803		44385	19160	50	25021	154	44093	18	0	71	0
1620468360.909		146886	29595	75	116806	410	146205	18	0	71	0
1620468361.014		65702	40944	100	24313	345	65042	18	0	71	0
1620468361.120		39419	17553	106	21281	479	38601	18	0	71	0
1620468361.226		36993	15913	83	20637	360	36359	18	0	71	0
1620468361.331		37490	16440	29	20720	301	37060	18	0	71	0
1620468361.437		41711	20576	110	20659	366	40990	18	0	71	0
1620468361.542		99049	27548	83	71038	380	98383	18	0	71	0
1620468361.648		57992	27738	81	29784	389	57354	18	0	71	0
1620468361.753		40268	19623	71	20374	200	39814	18	0	71	0
1620468361.858		35226	19449	41	15525	211	34880	18	0	71	0
1620468361.963		47404	24959	103	21953	389	46669	18	0	71	0
1620468362.068		41368	19901	92	21001	374	40675	18	0	71	0
1620468362.173		44576	19279	37	25074	186	44257	18	0	71	0
1620468362.279		68838	46438	46	22133	221	68436	18	0	71	0
1620468362.384		39938	20217	78	19256	387	39283	18	0	71	0
1620468362.488		40680	19786	75	20407	412	39993	18	0	71	0
1620468362.593		40493	19844	88	20151	410	39794	18	0	71	0
1620468362.698		45121	19739	87	24823	472	44362	18	0	71	0
1620468362.803		40116	18934	35	21011	136	39848	18	0	71	0
1620468362.908		47946	21809	100	25633	404	47283	18	0	71	0
1620468363.012		37370	20798	103	16198	271	36778	18	0	71	0
1620468363.117		57238	20532	35	36199	472	56637	18	0	71	0
1620468363.221		41895	16474	80	24960	381	41241	18	0	71	0
1620468363.326		41275	20776	30	20332	137	41022	18	0	71	0
1620468363.430		38766	17585	84	20669	428	38015	18	0	71	0
1620468363.534		60220	41425	83	18360	352	59545	18	0	71	0
1620468363.638		57436	30865	102	25992	477	56644	18	0	71	0
1620468363.743		45307	26063	89	18996	159	44883	18	0	71	0
1620468363.847		61047	16433	40	44107	467	60421	18	0	71	0
1620468363.951		44545	17968	82	26103	392	43871	18	0	71	0
1620468364.055		37548	18436	44	18897	171	37218	18	0	71	0
1620468364.159		58669	42982	54	15463	170	58343	18	0	71	0
1620468364.263		40012	19585	48	20201	178	39691	18	0	71	0
1620468364.367		44158	20625	82	23087	364	43473	18	0	71	0
1620468364.471		61422	27769	87	33190	376	60764	18	0	71	0
1620468364.574		40943	18446	78	22073	346	40332	18	0	71	0
1620468364.678		40491	19437	75	20626	353	39866	18	0	71	0
1620468364.781		161812	138705	65	22654	388	161186	18	0	71	0
1620468364.886		57205	34357	56	22470	322	56716	18	0	71	0
1620468365.093		41025	19853	81	20671	420	40337	18	0	71	0
1620468365.196		105790	15916	88	89616	170	105346	18	0	71	0
1620468365.300		37432	16750	26	20509	147	37158	18	0	71	0
1620468365.403		138025	19702	100	117833	390	137393	18	0	71	0
1620468365.506		56816	33786	102	22581	347	56172	18	0	71	0
1620468365.610		47913	28920	97	18491	405	47212	18	0	71	0
1620468365.713		41684	19779	80	21445	380	41027	18	0	71	0
1620468365.816		40357	17260	31	22694	372	39845	18	0	71	0
1620468365.919		47796	18902	76	28433	385	47136	18	0	71	0
1620468366.022		36636	15602	104	20555	375	35952	18	0	71	0
1620468366.125		62718	42908	102	19340	368	62051	18	0	71	0
1620468366.228		40848	20072	77	20323	376	40208	18	0	71	0
1620468366.331		37803	17155	28	20462	158	37533	18	0	71	0
1620468366.433		45123	20151	77	24487	408	44442	18	0	71	0
1620468366.536		45543	16890	126	28142	385	44826	18	0	71	0
1620468366.639		45650	24130	110	21033	377	44948	18	0	71	0
1620468366.741		42654	24303	88	18011	252	42088	18	0	71	0
1620468366.844		40242	18681	31	21354	176	39948	18	0	71	0
1620468366.946		37848	16877	25	20805	141	37595	18	0	71	0
1620468367.048		42670	20281	28	22224	137	42435	18	0	71	0
1620468367.151		40761	16030	31	24456	244	40353	18	0	71	0
1620468367.254		39677	18835	29	20669	144	39419	18	0	71	0
1620468367.356		72431	54338	31	17924	138	72186	18	0	71	0
1620468367.458		40248	19447	27	20640	134	40019	18	0	71	0
1620468367.560		38530	18318	40	19979	193	38205	18	0	71	0
1620468367.663		40660	20053	36	20401	170	40352	18	0	71	0
1620468367.765		39234	17424	77	21359	374	38608	18	0	71	0
1620468367.867		31411	15774	80	15189	368	30778	18	0	71	0
1620468367.969		133304	20391	78	112407	428	132584	18	0	71	0
1620468364.989		3130025	3112070	100	17532	323	3129418	18	0	71	0
1620468368.071		57702	30607	74	26742	279	57167	18	0	71	0
1620468368.173		40474	19837	31	20478	128	40218	18	0	71	0
1620468368.273		40238	19577	76	20225	360	39664	18	0	71	0
1620468368.375		38376	17327	79	20593	377	37731	18	0	71	0
1620468368.478		36133	19674	78	15931	450	35410	18	0	71	0
1620468368.579		39289	18957	79	19756	497	38516	18	0	71	0
1620468368.681		53072	34548	79	18046	399	52365	18	0	71	0
1620468368.783		40396	20507	31	19709	149	40123	18	0	71	0
1620468368.884		35791	18427	79	16870	415	35113	18	0	71	0
1620468368.986		41443	21587	78	19414	364	40816	18	0	71	0
1620468369.087		41184	16731	85	23992	376	40517	18	0	71	0
1620468369.188		34929	18955	38	15800	136	34659	18	0	71	0
1620468369.290		59266	40602	74	18108	482	58552	18	0	71	0
1620468369.391		40058	16676	79	22934	369	39423	18	0	71	0
1620468369.492		37309	16349	82	20463	415	36595	18	0	71	0
1620468369.593		40270	19525	89	20192	464	39512	18	0	71	0
1620468369.694		67661	19298	80	48130	153	67236	18	0	71	0
1620468369.794		39745	17725	35	21496	489	39036	18	0	71	0
1620468369.896		137363	16711	81	119663	908	136185	18	0	71	0
1620468369.997		56051	35310	93	20204	444	55312	18	0	71	0
1620468370.097		48322	20819	81	27041	381	47670	18	0	71	0
1620468370.199		39735	19690	36	19860	149	39448	18	0	71	0
1620468370.300		45223	17500	79	27274	370	44576	18	0	71	0
1620468370.401		41995	17706	89	23818	382	41319	18	0	71	0
1620468370.501		37160	16709	103	19854	494	36361	18	0	71	0
1620468370.601		57058	35698	105	20848	407	56295	18	0	71	0
1620468370.701		44470	16203	27	28082	158	44206	18	0	71	0
1620468370.803		40846	19214	60	21122	450	40140	18	0	71	0
1620468370.903		41022	19975	92	20477	478	40253	18	0	71	0
1620468371.004		38675	18144	84	20057	390	38011	18	0	71	0
1620468371.104		40255	18974	103	20702	476	39431	18	0	71	0
1620468371.305		38245	17490	77	20236	442	37531	18	0	71	0
1620468371.405		33332	17184	75	15697	376	32674	18	0	71	0
1620468371.505		33690	17531	73	15618	468	32977	18	0	71	0
1620468371.605		38388	17603	86	20257	442	37651	18	0	71	0
1620468371.705		38055	17030	34	20623	368	37553	18	0	71	0
1620468371.204		3088537	3063482	39	24679	337	3088065	18	0	71	0
